2019-03-18 12:16:51 error: ER_PARSE_ERROR: You have an error in your SQL syntax; check the manual that corresponds to your MySQL server version for the right syntax to use near 'select count(*) as numRows ,ud.*,u.*,city.city_name,country.Country_Name,states.' at line 1
2019-03-18 12:17:18 error: ER_PARSE_ERROR: You have an error in your SQL syntax; check the manual that corresponds to your MySQL server version for the right syntax to use near 'select count(*) as numRows ,ud.*,u.*,city.city_name,country.Country_Name,states.' at line 1
2019-03-18 12:17:48 error: ER_PARSE_ERROR: You have an error in your SQL syntax; check the manual that corresponds to your MySQL server version for the right syntax to use near 'select count(*) as numRows ,ud.*,u.*,city.city_name,country.Country_Name,states.' at line 1
2019-03-18 14:34:23 error: Cannot read property '0' of undefined
2019-03-18 14:49:32 error: Cannot read property 'req' of undefined
2019-03-18 14:49:53 error: Cannot read property 'req' of undefined
2019-03-18 14:54:19 error: newOrg is not defined
2019-03-18 14:55:08 error: Can't set headers after they are sent.
2019-03-18 14:56:13 error: Can't set headers after they are sent.
2019-03-18 14:57:06 error: Can't set headers after they are sent.
2019-03-18 14:57:32 error: req.json is not a function
2019-03-18 14:58:03 error: req.json is not a function
2019-03-18 15:18:35 error: Cannot read property 'active_status' of undefined
2019-03-18 15:39:55 error: Cannot read property 'pagination' of undefined
2019-03-18 15:40:05 error: Cannot read property 'pagination' of undefined
2019-03-18 15:40:19 error: Cannot read property 'pagination' of undefined
2019-03-18 15:41:12 error: Cannot read property 'pagination' of undefined
2019-03-18 15:41:58 error: Cannot read property 'user_filter' of undefined
2019-03-18 16:13:56 error: ER_SP_WRONG_NO_OF_ARGS: Incorrect number of arguments for PROCEDURE rems.sp_totaluser; expected 5, got 0
2019-03-18 16:26:24 error: Cannot read property 'length' of undefined
2019-03-18 16:32:01 error: Cannot read property '0' of undefined
2019-03-18 16:56:04 error: totalPage is not defined
2019-03-18 16:58:52 error: shahzarkhan is not defined
2019-03-18 17:00:02 error: shahzarkhan is not defined
2019-03-18 17:00:15 error: shahzarkhan is not defined
2019-03-18 17:00:31 error: shahzarkhan is not defined
2019-03-18 17:00:39 error: shahzarkhan is not defined
2019-03-18 17:19:38 error: user is not defined
2019-03-18 17:20:02 error: user is not defined
2019-03-18 17:20:16 error: user is not defined
2019-03-18 17:26:04 error: Users not found
2019-03-18 17:27:20 error: Users not found
2019-03-18 17:33:38 error: Cannot read property 'length' of undefined
2019-03-18 17:47:20 error: [object Object]
2019-03-18 17:48:04 error: [object Object]
2019-03-18 17:49:13 error: [object Object]
2019-03-18 17:49:27 error: [object Object]
2019-03-18 17:50:03 error: [object Object]
2019-03-18 17:50:17 error: [object Object]
2019-03-18 17:50:38 error: [object Object]
2019-03-18 17:51:06 error: [object Object]
2019-03-18 17:51:37 error: [object Object]
2019-03-18 17:58:46 error: Unknown error !!!
2019-03-18 17:59:07 error: Unknown error !!!
2019-03-18 17:59:32 error: Unknown error !!!
2019-03-18 17:59:58 error: [object Object]
2019-03-18 18:00:22 error: [object Object]
2019-03-18 18:19:53 error: user is not defined
2019-03-18 18:20:21 error: user is not defined
2019-03-18 18:21:31 error: user is not defined
2019-03-18 18:21:57 error: user is not defined
2019-03-18 18:23:10 error: user is not defined
2019-03-18 18:24:13 error: user is not defined
2019-03-18 18:24:24 error: user is not defined
